<?xml version="1.0" encoding="UTF-8"?>
<coverage generated="1481183737">
  <project timestamp="1481183737">
    <package name="ninjacto\yii2mailgun">
      <file name="/Users/Server/yii2-mailgun/src/Mailer.php">
        <class name="Mailer" namespace="ninjacto\yii2mailgun">
          <metrics complexity="4" methods="3" coveredmethods="0" conditionals="0" coveredconditionals="0" statements="21" coveredstatements="0" elements="24" coveredelements="0"/>
        </class>
        <line num="55" type="method" name="getMailgunMailer" visibility="public" complexity="2" crap="6" count="0"/>
        <line num="56" type="stmt" count="0"/>
        <line num="57" type="stmt" count="0"/>
        <line num="58" type="stmt" count="0"/>
        <line num="59" type="stmt" count="0"/>
        <line num="61" type="stmt" count="0"/>
        <line num="62" type="stmt" count="0"/>
        <line num="68" type="method" name="sendMessage" visibility="protected" complexity="1" crap="2" count="0"/>
        <line num="69" type="stmt" count="0"/>
        <line num="70" type="stmt" count="0"/>
        <line num="72" type="stmt" count="0"/>
        <line num="74" type="stmt" count="0"/>
        <line num="75" type="stmt" count="0"/>
        <line num="76" type="stmt" count="0"/>
        <line num="77" type="stmt" count="0"/>
        <line num="78" type="stmt" count="0"/>
        <line num="80" type="stmt" count="0"/>
        <line num="82" type="stmt" count="0"/>
        <line num="83" type="stmt" count="0"/>
        <line num="89" type="method" name="createMailgunMailer" visibility="protected" complexity="1" crap="2" count="0"/>
        <line num="90" type="stmt" count="0"/>
        <line num="91" type="stmt" count="0"/>
        <line num="93" type="stmt" count="0"/>
        <line num="94" type="stmt" count="0"/>
        <metrics loc="95" ncloc="59" classes="1" methods="3" coveredmethods="0" conditionals="0" coveredconditionals="0" statements="21" coveredstatements="0" elements="24" coveredelements="0"/>
      </file>
      <file name="/Users/Server/yii2-mailgun/src/Message.php">
        <class name="Message" namespace="ninjacto\yii2mailgun">
          <metrics complexity="37" methods="30" coveredmethods="0" conditionals="0" coveredconditionals="0" statements="149" coveredstatements="0" elements="179" coveredelements="0"/>
        </class>
        <line num="42" type="method" name="getMailgunMessage" visibility="public" complexity="2" crap="6" count="0"/>
        <line num="43" type="stmt" count="0"/>
        <line num="44" type="stmt" count="0"/>
        <line num="45" type="stmt" count="0"/>
        <line num="46" type="stmt" count="0"/>
        <line num="48" type="stmt" count="0"/>
        <line num="49" type="stmt" count="0"/>
        <line num="54" type="method" name="setFrom" visibility="public" complexity="1" crap="2" count="0"/>
        <line num="55" type="stmt" count="0"/>
        <line num="56" type="stmt" count="0"/>
        <line num="58" type="stmt" count="0"/>
        <line num="59" type="stmt" count="0"/>
        <line num="64" type="method" name="setReplyTo" visibility="public" complexity="1" crap="2" count="0"/>
        <line num="65" type="stmt" count="0"/>
        <line num="66" type="stmt" count="0"/>
        <line num="68" type="stmt" count="0"/>
        <line num="69" type="stmt" count="0"/>
        <line num="74" type="method" name="setTo" visibility="public" complexity="1" crap="2" count="0"/>
        <line num="75" type="stmt" count="0"/>
        <line num="76" type="stmt" count="0"/>
        <line num="78" type="stmt" count="0"/>
        <line num="79" type="stmt" count="0"/>
        <line num="84" type="method" name="setCc" visibility="public" complexity="1" crap="2" count="0"/>
        <line num="85" type="stmt" count="0"/>
        <line num="86" type="stmt" count="0"/>
        <line num="88" type="stmt" count="0"/>
        <line num="89" type="stmt" count="0"/>
        <line num="94" type="method" name="setBcc" visibility="public" complexity="1" crap="2" count="0"/>
        <line num="95" type="stmt" count="0"/>
        <line num="96" type="stmt" count="0"/>
        <line num="98" type="stmt" count="0"/>
        <line num="99" type="stmt" count="0"/>
        <line num="104" type="method" name="setSubject" visibility="public" complexity="1" crap="2" count="0"/>
        <line num="105" type="stmt" count="0"/>
        <line num="106" type="stmt" count="0"/>
        <line num="108" type="stmt" count="0"/>
        <line num="109" type="stmt" count="0"/>
        <line num="114" type="method" name="setTextBody" visibility="public" complexity="1" crap="2" count="0"/>
        <line num="115" type="stmt" count="0"/>
        <line num="116" type="stmt" count="0"/>
        <line num="118" type="stmt" count="0"/>
        <line num="119" type="stmt" count="0"/>
        <line num="124" type="method" name="setHtmlBody" visibility="public" complexity="1" crap="2" count="0"/>
        <line num="125" type="stmt" count="0"/>
        <line num="126" type="stmt" count="0"/>
        <line num="128" type="stmt" count="0"/>
        <line num="129" type="stmt" count="0"/>
        <line num="138" type="method" name="setBody" visibility="protected" complexity="2" crap="6" count="0"/>
        <line num="139" type="stmt" count="0"/>
        <line num="140" type="stmt" count="0"/>
        <line num="142" type="stmt" count="0"/>
        <line num="143" type="stmt" count="0"/>
        <line num="144" type="stmt" count="0"/>
        <line num="145" type="stmt" count="0"/>
        <line num="146" type="stmt" count="0"/>
        <line num="148" type="stmt" count="0"/>
        <line num="153" type="method" name="attach" visibility="public" complexity="2" crap="6" count="0"/>
        <line num="154" type="stmt" count="0"/>
        <line num="155" type="stmt" count="0"/>
        <line num="156" type="stmt" count="0"/>
        <line num="157" type="stmt" count="0"/>
        <line num="158" type="stmt" count="0"/>
        <line num="159" type="stmt" count="0"/>
        <line num="161" type="stmt" count="0"/>
        <line num="162" type="stmt" count="0"/>
        <line num="167" type="method" name="campaign" visibility="public" complexity="1" crap="2" count="0"/>
        <line num="168" type="stmt" count="0"/>
        <line num="169" type="stmt" count="0"/>
        <line num="171" type="stmt" count="0"/>
        <line num="172" type="stmt" count="0"/>
        <line num="177" type="method" name="tag" visibility="public" complexity="1" crap="2" count="0"/>
        <line num="178" type="stmt" count="0"/>
        <line num="179" type="stmt" count="0"/>
        <line num="181" type="stmt" count="0"/>
        <line num="182" type="stmt" count="0"/>
        <line num="187" type="method" name="parameter" visibility="public" complexity="1" crap="2" count="0"/>
        <line num="188" type="stmt" count="0"/>
        <line num="189" type="stmt" count="0"/>
        <line num="191" type="stmt" count="0"/>
        <line num="192" type="stmt" count="0"/>
        <line num="198" type="method" name="clickTracking" visibility="public" complexity="1" crap="2" count="0"/>
        <line num="199" type="stmt" count="0"/>
        <line num="200" type="stmt" count="0"/>
        <line num="201" type="stmt" count="0"/>
        <line num="202" type="stmt" count="0"/>
        <line num="208" type="method" name="createMailgunMessage" visibility="protected" complexity="1" crap="2" count="0"/>
        <line num="209" type="stmt" count="0"/>
        <line num="210" type="stmt" count="0"/>
        <line num="211" type="stmt" count="0"/>
        <line num="221" type="method" name="addHeader" visibility="public" complexity="1" crap="2" count="0"/>
        <line num="222" type="stmt" count="0"/>
        <line num="223" type="stmt" count="0"/>
        <line num="225" type="stmt" count="0"/>
        <line num="226" type="stmt" count="0"/>
        <line num="234" type="method" name="setHeaders" visibility="public" complexity="2" crap="6" count="0"/>
        <line num="235" type="stmt" count="0"/>
        <line num="236" type="stmt" count="0"/>
        <line num="237" type="stmt" count="0"/>
        <line num="238" type="stmt" count="0"/>
        <line num="240" type="stmt" count="0"/>
        <line num="241" type="stmt" count="0"/>
        <line num="247" type="method" name="getFrom" visibility="public" complexity="1" crap="2" count="0"/>
        <line num="248" type="stmt" count="0"/>
        <line num="249" type="stmt" count="0"/>
        <line num="251" type="stmt" count="0"/>
        <line num="252" type="stmt" count="0"/>
        <line num="258" type="method" name="getTo" visibility="public" complexity="1" crap="2" count="0"/>
        <line num="259" type="stmt" count="0"/>
        <line num="260" type="stmt" count="0"/>
        <line num="262" type="stmt" count="0"/>
        <line num="263" type="stmt" count="0"/>
        <line num="269" type="method" name="getReplyTo" visibility="public" complexity="1" crap="2" count="0"/>
        <line num="270" type="stmt" count="0"/>
        <line num="271" type="stmt" count="0"/>
        <line num="273" type="stmt" count="0"/>
        <line num="274" type="stmt" count="0"/>
        <line num="280" type="method" name="getCc" visibility="public" complexity="1" crap="2" count="0"/>
        <line num="281" type="stmt" count="0"/>
        <line num="282" type="stmt" count="0"/>
        <line num="284" type="stmt" count="0"/>
        <line num="285" type="stmt" count="0"/>
        <line num="291" type="method" name="getBcc" visibility="public" complexity="1" crap="2" count="0"/>
        <line num="292" type="stmt" count="0"/>
        <line num="293" type="stmt" count="0"/>
        <line num="295" type="stmt" count="0"/>
        <line num="296" type="stmt" count="0"/>
        <line num="302" type="method" name="getSubject" visibility="public" complexity="1" crap="2" count="0"/>
        <line num="303" type="stmt" count="0"/>
        <line num="304" type="stmt" count="0"/>
        <line num="306" type="stmt" count="0"/>
        <line num="307" type="stmt" count="0"/>
        <line num="319" type="method" name="attachContent" visibility="public" complexity="2" crap="6" count="0"/>
        <line num="320" type="stmt" count="0"/>
        <line num="321" type="stmt" count="0"/>
        <line num="322" type="stmt" count="0"/>
        <line num="323" type="stmt" count="0"/>
        <line num="324" type="stmt" count="0"/>
        <line num="325" type="stmt" count="0"/>
        <line num="326" type="stmt" count="0"/>
        <line num="327" type="stmt" count="0"/>
        <line num="328" type="stmt" count="0"/>
        <line num="329" type="stmt" count="0"/>
        <line num="331" type="stmt" count="0"/>
        <line num="332" type="stmt" count="0"/>
        <line num="345" type="method" name="embed" visibility="public" complexity="2" crap="6" count="0"/>
        <line num="346" type="stmt" count="0"/>
        <line num="347" type="stmt" count="0"/>
        <line num="348" type="stmt" count="0"/>
        <line num="349" type="stmt" count="0"/>
        <line num="350" type="stmt" count="0"/>
        <line num="351" type="stmt" count="0"/>
        <line num="352" type="stmt" count="0"/>
        <line num="365" type="method" name="embedContent" visibility="public" complexity="2" crap="6" count="0"/>
        <line num="366" type="stmt" count="0"/>
        <line num="367" type="stmt" count="0"/>
        <line num="368" type="stmt" count="0"/>
        <line num="369" type="stmt" count="0"/>
        <line num="370" type="stmt" count="0"/>
        <line num="371" type="stmt" count="0"/>
        <line num="372" type="stmt" count="0"/>
        <line num="373" type="stmt" count="0"/>
        <line num="374" type="stmt" count="0"/>
        <line num="376" type="stmt" count="0"/>
        <line num="377" type="stmt" count="0"/>
        <line num="383" type="method" name="toString" visibility="public" complexity="1" crap="2" count="0"/>
        <line num="384" type="stmt" count="0"/>
        <line num="385" type="stmt" count="0"/>
        <line num="386" type="stmt" count="0"/>
        <line num="392" type="method" name="getCharset" visibility="public" complexity="1" crap="2" count="0"/>
        <line num="393" type="stmt" count="0"/>
        <line num="394" type="stmt" count="0"/>
        <line num="396" type="stmt" count="0"/>
        <line num="397" type="stmt" count="0"/>
        <line num="404" type="method" name="setCharset" visibility="public" complexity="1" crap="2" count="0"/>
        <line num="405" type="stmt" count="0"/>
        <line num="406" type="stmt" count="0"/>
        <line num="407" type="stmt" count="0"/>
        <line num="408" type="stmt" count="0"/>
        <line num="409" type="stmt" count="0"/>
        <metrics loc="409" ncloc="246" classes="1" methods="30" coveredmethods="0" conditionals="0" coveredconditionals="0" statements="149" coveredstatements="0" elements="179" coveredelements="0"/>
      </file>
    </package>
    <package name="League\Skeleton">
      <file name="/Users/Server/yii2-mailgun/src/SkeletonClass.php">
        <class name="SkeletonClass" namespace="League\Skeleton">
          <metrics complexity="2" methods="2" coveredmethods="0" conditionals="0" coveredconditionals="0" statements="5" coveredstatements="0" elements="7" coveredelements="0"/>
        </class>
        <line num="10" type="method" name="__construct" visibility="public" complexity="1" crap="2" count="0"/>
        <line num="11" type="stmt" count="0"/>
        <line num="13" type="stmt" count="0"/>
        <line num="22" type="method" name="echoPhrase" visibility="public" complexity="1" crap="2" count="0"/>
        <line num="23" type="stmt" count="0"/>
        <line num="24" type="stmt" count="0"/>
        <line num="25" type="stmt" count="0"/>
        <metrics loc="26" ncloc="14" classes="1" methods="2" coveredmethods="0" conditionals="0" coveredconditionals="0" statements="5" coveredstatements="0" elements="7" coveredelements="0"/>
      </file>
    </package>
    <metrics files="3" loc="530" ncloc="319" classes="3" methods="35" coveredmethods="0" conditionals="0" coveredconditionals="0" statements="175" coveredstatements="0" elements="210" coveredelements="0"/>
  </project>
</coverage>
